0 info it worked if it ends with ok
1 verbose cli [ '/Users/Wendy/.nvm/versions/node/v6.11.2/bin/node',
1 verbose cli   '/Users/Wendy/.nvm/versions/node/v6.11.2/bin/npm',
1 verbose cli   'run',
1 verbose cli   'build' ]
2 info using npm@3.10.10
3 info using node@v6.11.2
4 verbose stack Error: ENOENT: no such file or directory, open '/Users/Wendy/Development/code/pesky-javascript-bugs-nyc-web-091718/package.json'
4 verbose stack     at Error (native)
5 verbose cwd /Users/Wendy/Development/code/pesky-javascript-bugs-nyc-web-091718
6 error Darwin 18.0.0
7 error argv "/Users/Wendy/.nvm/versions/node/v6.11.2/bin/node" "/Users/Wendy/.nvm/versions/node/v6.11.2/bin/npm" "run" "build"
8 error node v6.11.2
9 error npm  v3.10.10
10 error path /Users/Wendy/Development/code/pesky-javascript-bugs-nyc-web-091718/package.json
11 error code ENOENT
12 error errno -2
13 error syscall open
14 error enoent ENOENT: no such file or directory, open '/Users/Wendy/Development/code/pesky-javascript-bugs-nyc-web-091718/package.json'
15 error enoent ENOENT: no such file or directory, open '/Users/Wendy/Development/code/pesky-javascript-bugs-nyc-web-091718/package.json'
15 error enoent This is most likely not a problem with npm itself
15 error enoent and is related to npm not being able to find a file.
16 verbose exit [ -2, true ]
